21:18:47.143 [background-preinit] INFO  o.h.v.i.util.Version - [<clinit>,21] - HV000001: Hibernate Validator 6.2.0.Final
21:18:47.143 [restartedMain] INFO  c.s.b.BackendApplication - [logStarting,55] - Starting BackendApplication using Java 1.8.0_221 on justina with PID 36508 (D:\20260307BIShe\springboot_OneBlog\code\blog-backend\blog-start\target\classes started by 86150 in D:\20260307BIShe\springboot_OneBlog\code\blog-backend)
21:18:47.149 [restartedMain] INFO  c.s.b.BackendApplication - [logStartupProfileInfo,663] - The following profiles are active: druid
21:18:49.699 [restartedMain] INFO  o.a.c.h.Http11NioProtocol - [log,173] - Initializing ProtocolHandler ["http-nio-8080"]
21:18:49.700 [restartedMain] INFO  o.a.c.c.StandardService - [log,173] - Starting service [Tomcat]
21:18:49.700 [restartedMain] INFO  o.a.c.c.StandardEngine - [log,173] - Starting Servlet engine: [Apache Tomcat/9.0.54]
21:18:49.812 [restartedMain] INFO  o.a.c.c.C.[.[.[/] - [log,173] - Initializing Spring embedded WebApplicationContext
21:18:51.665 [restartedMain] INFO  c.a.d.p.DruidDataSource - [init,998] - {dataSource-1} inited
21:18:55.798 [restartedMain] INFO  o.a.c.h.Http11NioProtocol - [log,173] - Starting ProtocolHandler ["http-nio-8080"]
21:18:55.889 [restartedMain] INFO  c.s.b.BackendApplication - [logStarted,61] - Started BackendApplication in 9.144 seconds (JVM running for 11.536)
21:21:56.684 [http-nio-8080-exec-2] INFO  o.a.c.c.C.[.[.[/] - [log,173] - Initializing Spring DispatcherServlet 'dispatcherServlet'
21:24:28.118 [schedule-pool-1] INFO  sys-user - [run,54] - [127.0.0.1]内网IP[admin][Error][用户不存在/密码错误]
21:24:35.378 [schedule-pool-1] INFO  sys-user - [run,54] - [127.0.0.1]内网IP[admin][Success][登录成功]
21:26:39.629 [schedule-pool-2] INFO  sys-user - [run,54] - [127.0.0.1]内网IP[admin][Logout][退出成功]
21:26:50.512 [schedule-pool-1] INFO  sys-user - [run,54] - [127.0.0.1]内网IP[user][Error][验证码错误]
21:26:55.243 [schedule-pool-3] INFO  sys-user - [run,54] - [127.0.0.1]内网IP[user][Success][登录成功]
21:27:25.773 [schedule-pool-2] INFO  sys-user - [run,54] - [127.0.0.1]内网IP[user][Logout][退出成功]
21:27:34.540 [schedule-pool-4] INFO  sys-user - [run,54] - [127.0.0.1]内网IP[admin][Success][登录成功]
21:28:48.507 [schedule-pool-5] INFO  sys-user - [run,54] - [127.0.0.1]内网IP[admin][Logout][退出成功]
21:28:57.971 [schedule-pool-3] INFO  sys-user - [run,54] - [127.0.0.1]内网IP[user][Success][登录成功]
21:29:50.813 [schedule-pool-2] INFO  sys-user - [run,54] - [127.0.0.1]内网IP[user][Logout][退出成功]
21:30:00.944 [schedule-pool-7] INFO  sys-user - [run,54] - [127.0.0.1]内网IP[admin][Success][登录成功]
21:30:07.327 [schedule-pool-4] INFO  sys-user - [run,54] - [127.0.0.1]内网IP[admin][Logout][退出成功]
21:30:22.876 [schedule-pool-8] INFO  sys-user - [run,54] - [127.0.0.1]内网IP[user][Success][登录成功]
21:31:03.546 [Thread-31] INFO  c.s.b.c.s.i.SentimentServiceImpl - [analyzeContent,43] - 正在调用 AI 情感分析接口，内容长度: 14
21:46:50.221 [Thread-21] INFO  sys-user - [shutdownAsyncManager,30] - ====关闭后台任务任务线程池====
21:46:50.226 [Thread-21] INFO  c.a.d.p.DruidDataSource - [close,2071] - {dataSource-1} closing ...
21:46:50.233 [Thread-21] INFO  c.a.d.p.DruidDataSource - [close,2144] - {dataSource-1} closed
21:46:50.961 [restartedMain] INFO  c.s.b.BackendApplication - [logStarting,55] - Starting BackendApplication using Java 1.8.0_221 on justina with PID 36508 (D:\20260307BIShe\springboot_OneBlog\code\blog-backend\blog-start\target\classes started by 86150 in D:\20260307BIShe\springboot_OneBlog\code\blog-backend)
21:46:50.961 [restartedMain] INFO  c.s.b.BackendApplication - [logStartupProfileInfo,663] - The following profiles are active: druid
21:46:52.027 [restartedMain] INFO  o.a.c.h.Http11NioProtocol - [log,173] - Initializing ProtocolHandler ["http-nio-8080"]
21:46:52.027 [restartedMain] INFO  o.a.c.c.StandardService - [log,173] - Starting service [Tomcat]
21:46:52.027 [restartedMain] INFO  o.a.c.c.StandardEngine - [log,173] - Starting Servlet engine: [Apache Tomcat/9.0.54]
21:46:52.059 [restartedMain] INFO  o.a.c.c.C.[.[.[/] - [log,173] - Initializing Spring embedded WebApplicationContext
21:46:52.704 [restartedMain] INFO  c.a.d.p.DruidDataSource - [init,998] - {dataSource-2} inited
21:46:54.219 [restartedMain] INFO  o.a.c.h.Http11NioProtocol - [log,173] - Starting ProtocolHandler ["http-nio-8080"]
21:46:54.267 [restartedMain] INFO  c.s.b.BackendApplication - [logStarted,61] - Started BackendApplication in 3.363 seconds (JVM running for 1689.911)
21:49:09.966 [Thread-32] INFO  sys-user - [shutdownAsyncManager,30] - ====关闭后台任务任务线程池====
21:49:09.972 [Thread-32] INFO  c.a.d.p.DruidDataSource - [close,2071] - {dataSource-2} closing ...
21:49:09.972 [Thread-32] INFO  c.a.d.p.DruidDataSource - [close,2144] - {dataSource-2} closed
21:49:10.512 [restartedMain] INFO  c.s.b.BackendApplication - [logStarting,55] - Starting BackendApplication using Java 1.8.0_221 on justina with PID 36508 (D:\20260307BIShe\springboot_OneBlog\code\blog-backend\blog-start\target\classes started by 86150 in D:\20260307BIShe\springboot_OneBlog\code\blog-backend)
21:49:10.512 [restartedMain] INFO  c.s.b.BackendApplication - [logStartupProfileInfo,663] - The following profiles are active: druid
21:49:11.291 [restartedMain] INFO  o.a.c.h.Http11NioProtocol - [log,173] - Initializing ProtocolHandler ["http-nio-8080"]
21:49:11.291 [restartedMain] INFO  o.a.c.c.StandardService - [log,173] - Starting service [Tomcat]
21:49:11.291 [restartedMain] INFO  o.a.c.c.StandardEngine - [log,173] - Starting Servlet engine: [Apache Tomcat/9.0.54]
21:49:11.329 [restartedMain] INFO  o.a.c.c.C.[.[.[/] - [log,173] - Initializing Spring embedded WebApplicationContext
21:49:12.072 [restartedMain] INFO  c.a.d.p.DruidDataSource - [init,998] - {dataSource-3} inited
21:49:13.559 [restartedMain] INFO  o.a.c.h.Http11NioProtocol - [log,173] - Starting ProtocolHandler ["http-nio-8080"]
21:49:13.614 [restartedMain] INFO  c.s.b.BackendApplication - [logStarted,61] - Started BackendApplication in 3.149 seconds (JVM running for 1829.258)
21:50:37.127 [SpringApplicationShutdownHook] INFO  sys-user - [shutdownAsyncManager,30] - ====关闭后台任务任务线程池====
21:50:37.128 [SpringApplicationShutdownHook] INFO  c.a.d.p.DruidDataSource - [close,2071] - {dataSource-3} closing ...
21:50:37.132 [SpringApplicationShutdownHook] INFO  c.a.d.p.DruidDataSource - [close,2144] - {dataSource-3} closed
21:50:45.674 [restartedMain] INFO  c.s.b.BackendApplication - [logStarting,55] - Starting BackendApplication using Java 1.8.0_221 on justina with PID 29100 (D:\20260307BIShe\springboot_OneBlog\code\blog-backend\blog-start\target\classes started by 86150 in D:\20260307BIShe\springboot_OneBlog\code\blog-backend)
21:50:45.676 [restartedMain] INFO  c.s.b.BackendApplication - [logStartupProfileInfo,663] - The following profiles are active: druid
21:50:45.675 [background-preinit] INFO  o.h.v.i.util.Version - [<clinit>,21] - HV000001: Hibernate Validator 6.2.0.Final
21:50:47.996 [restartedMain] INFO  o.a.c.h.Http11NioProtocol - [log,173] - Initializing ProtocolHandler ["http-nio-8080"]
21:50:47.997 [restartedMain] INFO  o.a.c.c.StandardService - [log,173] - Starting service [Tomcat]
21:50:47.997 [restartedMain] INFO  o.a.c.c.StandardEngine - [log,173] - Starting Servlet engine: [Apache Tomcat/9.0.54]
21:50:48.111 [restartedMain] INFO  o.a.c.c.C.[.[.[/] - [log,173] - Initializing Spring embedded WebApplicationContext
21:50:49.542 [restartedMain] INFO  c.a.d.p.DruidDataSource - [init,998] - {dataSource-1} inited
21:50:55.191 [restartedMain] INFO  o.a.c.h.Http11NioProtocol - [log,173] - Starting ProtocolHandler ["http-nio-8080"]
21:50:55.293 [restartedMain] INFO  c.s.b.BackendApplication - [logStarted,61] - Started BackendApplication in 10.028 seconds (JVM running for 12.042)
21:51:40.743 [http-nio-8080-exec-3] INFO  o.a.c.c.C.[.[.[/] - [log,173] - Initializing Spring DispatcherServlet 'dispatcherServlet'
21:52:07.762 [Thread-28] INFO  c.s.b.c.s.i.SentimentServiceImpl - [analyzeContent,43] - 正在调用 AI 情感分析接口，内容长度: 9
21:52:08.866 [Thread-28] INFO  c.s.b.c.s.i.CmsCommentServiceImpl - [lambda$insertCmsComment$0,280] - 评论 ID: 23 情感分析完成: 正面
22:02:22.990 [Thread-19] INFO  sys-user - [shutdownAsyncManager,30] - ====关闭后台任务任务线程池====
22:02:22.993 [Thread-19] INFO  c.a.d.p.DruidDataSource - [close,2071] - {dataSource-1} closing ...
22:02:23.003 [Thread-19] INFO  c.a.d.p.DruidDataSource - [close,2144] - {dataSource-1} closed
22:02:23.439 [restartedMain] INFO  c.s.b.BackendApplication - [logStarting,55] - Starting BackendApplication using Java 1.8.0_221 on justina with PID 29100 (D:\20260307BIShe\springboot_OneBlog\code\blog-backend\blog-start\target\classes started by 86150 in D:\20260307BIShe\springboot_OneBlog\code\blog-backend)
22:02:23.439 [restartedMain] INFO  c.s.b.BackendApplication - [logStartupProfileInfo,663] - The following profiles are active: druid
22:02:24.514 [restartedMain] INFO  o.a.c.h.Http11NioProtocol - [log,173] - Initializing ProtocolHandler ["http-nio-8080"]
22:02:24.519 [restartedMain] INFO  o.a.c.c.StandardService - [log,173] - Starting service [Tomcat]
22:02:24.519 [restartedMain] INFO  o.a.c.c.StandardEngine - [log,173] - Starting Servlet engine: [Apache Tomcat/9.0.54]
22:02:24.545 [restartedMain] INFO  o.a.c.c.C.[.[.[/] - [log,173] - Initializing Spring embedded WebApplicationContext
22:02:25.103 [restartedMain] INFO  c.a.d.p.DruidDataSource - [init,998] - {dataSource-2} inited
22:02:26.428 [restartedMain] INFO  o.a.c.h.Http11NioProtocol - [log,173] - Starting ProtocolHandler ["http-nio-8080"]
22:02:26.464 [restartedMain] INFO  c.s.b.BackendApplication - [logStarted,61] - Started BackendApplication in 3.082 seconds (JVM running for 703.218)
22:13:50.643 [Thread-29] INFO  sys-user - [shutdownAsyncManager,30] - ====关闭后台任务任务线程池====
22:13:50.647 [Thread-29] INFO  c.a.d.p.DruidDataSource - [close,2071] - {dataSource-2} closing ...
22:13:50.649 [Thread-29] INFO  c.a.d.p.DruidDataSource - [close,2144] - {dataSource-2} closed
22:13:51.290 [restartedMain] INFO  c.s.b.BackendApplication - [logStarting,55] - Starting BackendApplication using Java 1.8.0_221 on justina with PID 29100 (D:\20260307BIShe\springboot_OneBlog\code\blog-backend\blog-start\target\classes started by 86150 in D:\20260307BIShe\springboot_OneBlog\code\blog-backend)
22:13:51.291 [restartedMain] INFO  c.s.b.BackendApplication - [logStartupProfileInfo,663] - The following profiles are active: druid
22:13:52.155 [restartedMain] INFO  o.a.c.h.Http11NioProtocol - [log,173] - Initializing ProtocolHandler ["http-nio-8080"]
22:13:52.155 [restartedMain] INFO  o.a.c.c.StandardService - [log,173] - Starting service [Tomcat]
22:13:52.155 [restartedMain] INFO  o.a.c.c.StandardEngine - [log,173] - Starting Servlet engine: [Apache Tomcat/9.0.54]
22:13:52.195 [restartedMain] INFO  o.a.c.c.C.[.[.[/] - [log,173] - Initializing Spring embedded WebApplicationContext
22:13:52.806 [restartedMain] INFO  c.a.d.p.DruidDataSource - [init,998] - {dataSource-3} inited
22:13:54.367 [restartedMain] INFO  o.a.c.h.Http11NioProtocol - [log,173] - Starting ProtocolHandler ["http-nio-8080"]
22:13:54.428 [restartedMain] INFO  c.s.b.BackendApplication - [logStarted,61] - Started BackendApplication in 3.188 seconds (JVM running for 1391.179)
22:13:56.907 [Thread-33] INFO  sys-user - [shutdownAsyncManager,30] - ====关闭后台任务任务线程池====
22:13:56.911 [Thread-33] INFO  c.a.d.p.DruidDataSource - [close,2071] - {dataSource-3} closing ...
22:13:56.911 [Thread-33] INFO  c.a.d.p.DruidDataSource - [close,2144] - {dataSource-3} closed
22:13:57.361 [restartedMain] INFO  c.s.b.BackendApplication - [logStarting,55] - Starting BackendApplication using Java 1.8.0_221 on justina with PID 29100 (D:\20260307BIShe\springboot_OneBlog\code\blog-backend\blog-start\target\classes started by 86150 in D:\20260307BIShe\springboot_OneBlog\code\blog-backend)
22:13:57.362 [restartedMain] INFO  c.s.b.BackendApplication - [logStartupProfileInfo,663] - The following profiles are active: druid
22:13:58.252 [restartedMain] INFO  o.a.c.h.Http11NioProtocol - [log,173] - Initializing ProtocolHandler ["http-nio-8080"]
22:13:58.252 [restartedMain] INFO  o.a.c.c.StandardService - [log,173] - Starting service [Tomcat]
22:13:58.252 [restartedMain] INFO  o.a.c.c.StandardEngine - [log,173] - Starting Servlet engine: [Apache Tomcat/9.0.54]
22:13:58.299 [restartedMain] INFO  o.a.c.c.C.[.[.[/] - [log,173] - Initializing Spring embedded WebApplicationContext
22:13:59.008 [restartedMain] INFO  c.a.d.p.DruidDataSource - [init,998] - {dataSource-4} inited
22:14:00.413 [restartedMain] INFO  o.a.c.h.Http11NioProtocol - [log,173] - Starting ProtocolHandler ["http-nio-8080"]
22:14:00.455 [restartedMain] INFO  c.s.b.BackendApplication - [logStarted,61] - Started BackendApplication in 3.136 seconds (JVM running for 1397.205)
22:14:02.499 [Thread-37] INFO  sys-user - [shutdownAsyncManager,30] - ====关闭后台任务任务线程池====
22:14:02.499 [Thread-37] INFO  c.a.d.p.DruidDataSource - [close,2071] - {dataSource-4} closing ...
22:14:02.503 [Thread-37] INFO  c.a.d.p.DruidDataSource - [close,2144] - {dataSource-4} closed
22:14:02.993 [restartedMain] INFO  c.s.b.BackendApplication - [logStarting,55] - Starting BackendApplication using Java 1.8.0_221 on justina with PID 29100 (D:\20260307BIShe\springboot_OneBlog\code\blog-backend\blog-start\target\classes started by 86150 in D:\20260307BIShe\springboot_OneBlog\code\blog-backend)
22:14:02.993 [restartedMain] INFO  c.s.b.BackendApplication - [logStartupProfileInfo,663] - The following profiles are active: druid
22:14:03.811 [restartedMain] INFO  o.a.c.h.Http11NioProtocol - [log,173] - Initializing ProtocolHandler ["http-nio-8080"]
22:14:03.811 [restartedMain] INFO  o.a.c.c.StandardService - [log,173] - Starting service [Tomcat]
22:14:03.811 [restartedMain] INFO  o.a.c.c.StandardEngine - [log,173] - Starting Servlet engine: [Apache Tomcat/9.0.54]
22:14:03.873 [restartedMain] INFO  o.a.c.c.C.[.[.[/] - [log,173] - Initializing Spring embedded WebApplicationContext
22:14:04.820 [restartedMain] INFO  c.a.d.p.DruidDataSource - [init,998] - {dataSource-5} inited
22:14:06.200 [restartedMain] INFO  o.a.c.h.Http11NioProtocol - [log,173] - Starting ProtocolHandler ["http-nio-8080"]
22:14:06.259 [restartedMain] INFO  c.s.b.BackendApplication - [logStarted,61] - Started BackendApplication in 3.307 seconds (JVM running for 1403.008)
22:14:24.146 [SpringApplicationShutdownHook] INFO  sys-user - [shutdownAsyncManager,30] - ====关闭后台任务任务线程池====
22:14:24.149 [SpringApplicationShutdownHook] INFO  c.a.d.p.DruidDataSource - [close,2071] - {dataSource-5} closing ...
22:14:24.151 [SpringApplicationShutdownHook] INFO  c.a.d.p.DruidDataSource - [close,2144] - {dataSource-5} closed
22:20:11.829 [restartedMain] INFO  c.s.b.BackendApplication - [logStarting,55] - Starting BackendApplication using Java 1.8.0_221 on justina with PID 23332 (D:\20260307BIShe\springboot_OneBlog\code\blog-backend\blog-start\target\classes started by 86150 in D:\20260307BIShe\springboot_OneBlog\code\blog-backend)
22:20:11.829 [background-preinit] INFO  o.h.v.i.util.Version - [<clinit>,21] - HV000001: Hibernate Validator 6.2.0.Final
22:20:11.832 [restartedMain] INFO  c.s.b.BackendApplication - [logStartupProfileInfo,663] - The following profiles are active: druid
22:20:14.037 [restartedMain] INFO  o.a.c.h.Http11NioProtocol - [log,173] - Initializing ProtocolHandler ["http-nio-8080"]
22:20:14.038 [restartedMain] INFO  o.a.c.c.StandardService - [log,173] - Starting service [Tomcat]
22:20:14.038 [restartedMain] INFO  o.a.c.c.StandardEngine - [log,173] - Starting Servlet engine: [Apache Tomcat/9.0.54]
22:20:14.145 [restartedMain] INFO  o.a.c.c.C.[.[.[/] - [log,173] - Initializing Spring embedded WebApplicationContext
22:20:15.791 [restartedMain] INFO  c.a.d.p.DruidDataSource - [init,998] - {dataSource-1} inited
22:20:19.658 [restartedMain] INFO  o.a.c.h.Http11NioProtocol - [log,173] - Starting ProtocolHandler ["http-nio-8080"]
22:20:19.766 [restartedMain] INFO  c.s.b.BackendApplication - [logStarted,61] - Started BackendApplication in 8.356 seconds (JVM running for 10.744)
22:22:55.506 [http-nio-8080-exec-2] INFO  o.a.c.c.C.[.[.[/] - [log,173] - Initializing Spring DispatcherServlet 'dispatcherServlet'
22:23:25.975 [schedule-pool-1] INFO  sys-user - [run,54] - [127.0.0.1]内网IP[admin][Success][登录成功]
22:57:04.811 [SpringApplicationShutdownHook] INFO  sys-user - [shutdownAsyncManager,30] - ====关闭后台任务任务线程池====
22:57:04.817 [SpringApplicationShutdownHook] INFO  c.a.d.p.DruidDataSource - [close,2071] - {dataSource-1} closing ...
22:57:04.828 [SpringApplicationShutdownHook] INFO  c.a.d.p.DruidDataSource - [close,2144] - {dataSource-1} closed
22:57:10.657 [background-preinit] INFO  o.h.v.i.util.Version - [<clinit>,21] - HV000001: Hibernate Validator 6.2.0.Final
22:57:10.657 [restartedMain] INFO  c.s.b.BackendApplication - [logStarting,55] - Starting BackendApplication using Java 1.8.0_221 on justina with PID 28024 (D:\20260307BIShe\springboot_OneBlog\code\blog-backend\blog-start\target\classes started by 86150 in D:\20260307BIShe\springboot_OneBlog\code\blog-backend)
22:57:10.660 [restartedMain] INFO  c.s.b.BackendApplication - [logStartupProfileInfo,663] - The following profiles are active: druid
22:57:12.848 [restartedMain] INFO  o.a.c.h.Http11NioProtocol - [log,173] - Initializing ProtocolHandler ["http-nio-8080"]
22:57:12.849 [restartedMain] INFO  o.a.c.c.StandardService - [log,173] - Starting service [Tomcat]
22:57:12.849 [restartedMain] INFO  o.a.c.c.StandardEngine - [log,173] - Starting Servlet engine: [Apache Tomcat/9.0.54]
22:57:12.960 [restartedMain] INFO  o.a.c.c.C.[.[.[/] - [log,173] - Initializing Spring embedded WebApplicationContext
22:57:14.489 [restartedMain] INFO  c.a.d.p.DruidDataSource - [init,998] - {dataSource-1} inited
22:57:18.276 [restartedMain] INFO  o.a.c.h.Http11NioProtocol - [log,173] - Starting ProtocolHandler ["http-nio-8080"]
22:57:18.379 [restartedMain] INFO  c.s.b.BackendApplication - [logStarted,61] - Started BackendApplication in 8.143 seconds (JVM running for 10.065)
22:57:57.605 [http-nio-8080-exec-1] INFO  o.a.c.c.C.[.[.[/] - [log,173] - Initializing Spring DispatcherServlet 'dispatcherServlet'
23:18:37.570 [schedule-pool-2] INFO  sys-user - [run,54] - [127.0.0.1]内网IP[admin][Logout][退出成功]
23:18:49.831 [schedule-pool-1] INFO  sys-user - [run,54] - [127.0.0.1]内网IP[user][Error][验证码错误]
23:18:55.300 [schedule-pool-3] INFO  sys-user - [run,54] - [127.0.0.1]内网IP[user][Success][登录成功]
23:19:14.575 [Thread-28] INFO  c.s.b.c.s.i.SentimentServiceImpl - [analyzeContent,43] - 正在调用 AI 情感分析接口，内容长度: 19
23:19:16.285 [Thread-28] INFO  c.s.b.c.s.i.CmsCommentServiceImpl - [lambda$insertCmsComment$0,282] - 评论 ID: 24 情感分析完成: 负面
23:19:59.263 [Thread-29] INFO  c.s.b.c.s.i.SentimentServiceImpl - [analyzeContent,43] - 正在调用 AI 情感分析接口，内容长度: 17
23:19:59.462 [Thread-29] INFO  c.s.b.c.s.i.CmsCommentServiceImpl - [lambda$insertCmsComment$0,282] - 评论 ID: 25 情感分析完成: 正面
23:20:34.783 [Thread-30] INFO  c.s.b.c.s.i.SentimentServiceImpl - [analyzeContent,43] - 正在调用 AI 情感分析接口，内容长度: 15
23:20:34.921 [Thread-30] INFO  c.s.b.c.s.i.CmsCommentServiceImpl - [lambda$insertCmsComment$0,282] - 评论 ID: 26 情感分析完成: 负面
23:20:40.449 [schedule-pool-2] INFO  sys-user - [run,54] - [127.0.0.1]内网IP[user][Logout][退出成功]
23:20:53.889 [schedule-pool-4] INFO  sys-user - [run,54] - [127.0.0.1]内网IP[admin][Success][登录成功]
23:24:07.460 [schedule-pool-3] INFO  sys-user - [run,54] - [127.0.0.1]内网IP[admin][Logout][退出成功]
23:24:18.739 [schedule-pool-6] INFO  sys-user - [run,54] - [127.0.0.1]内网IP[lisi][Success][登录成功]
23:25:31.885 [Thread-31] INFO  c.s.b.c.s.i.SentimentServiceImpl - [analyzeContent,43] - 正在调用 AI 情感分析接口，内容长度: 15
23:25:32.109 [Thread-31] INFO  c.s.b.c.s.i.CmsCommentServiceImpl - [lambda$insertCmsComment$0,282] - 评论 ID: 27 情感分析完成: 正面
23:26:59.200 [Thread-32] INFO  c.s.b.c.s.i.SentimentServiceImpl - [analyzeContent,43] - 正在调用 AI 情感分析接口，内容长度: 19
23:26:59.384 [Thread-32] INFO  c.s.b.c.s.i.CmsCommentServiceImpl - [lambda$insertCmsComment$0,282] - 评论 ID: 28 情感分析完成: 负面
23:27:43.482 [Thread-33] INFO  c.s.b.c.s.i.SentimentServiceImpl - [analyzeContent,43] - 正在调用 AI 情感分析接口，内容长度: 24
23:27:43.883 [Thread-33] INFO  c.s.b.c.s.i.CmsCommentServiceImpl - [lambda$insertCmsComment$0,282] - 评论 ID: 29 情感分析完成: 正面
23:28:04.898 [Thread-34] INFO  c.s.b.c.s.i.SentimentServiceImpl - [analyzeContent,43] - 正在调用 AI 情感分析接口，内容长度: 8
23:28:05.004 [Thread-34] INFO  c.s.b.c.s.i.CmsCommentServiceImpl - [lambda$insertCmsComment$0,282] - 评论 ID: 30 情感分析完成: 负面
23:28:17.348 [schedule-pool-7] INFO  sys-user - [run,54] - [127.0.0.1]内网IP[lisi][Logout][退出成功]
23:28:29.802 [schedule-pool-4] INFO  sys-user - [run,54] - [127.0.0.1]内网IP[wangwu][Success][登录成功]
23:30:29.940 [Thread-35] INFO  c.s.b.c.s.i.SentimentServiceImpl - [analyzeContent,43] - 正在调用 AI 情感分析接口，内容长度: 70
23:30:30.239 [Thread-35] INFO  c.s.b.c.s.i.CmsCommentServiceImpl - [lambda$insertCmsComment$0,282] - 评论 ID: 31 情感分析完成: 正面
23:31:19.863 [Thread-36] INFO  c.s.b.c.s.i.SentimentServiceImpl - [analyzeContent,43] - 正在调用 AI 情感分析接口，内容长度: 33
23:31:20.069 [Thread-36] INFO  c.s.b.c.s.i.CmsCommentServiceImpl - [lambda$insertCmsComment$0,282] - 评论 ID: 32 情感分析完成: 正面
23:32:04.229 [Thread-37] INFO  c.s.b.c.s.i.SentimentServiceImpl - [analyzeContent,43] - 正在调用 AI 情感分析接口，内容长度: 30
23:32:04.387 [Thread-37] INFO  c.s.b.c.s.i.CmsCommentServiceImpl - [lambda$insertCmsComment$0,282] - 评论 ID: 33 情感分析完成: 负面
23:32:12.927 [schedule-pool-1] INFO  sys-user - [run,54] - [127.0.0.1]内网IP[wangwu][Logout][退出成功]
23:32:25.473 [schedule-pool-9] INFO  sys-user - [run,54] - [127.0.0.1]内网IP[admin][Success][登录成功]
23:38:40.153 [SpringApplicationShutdownHook] INFO  sys-user - [shutdownAsyncManager,30] - ====关闭后台任务任务线程池====
23:38:40.156 [SpringApplicationShutdownHook] INFO  c.a.d.p.DruidDataSource - [close,2071] - {dataSource-1} closing ...
23:38:40.164 [SpringApplicationShutdownHook] INFO  c.a.d.p.DruidDataSource - [close,2144] - {dataSource-1} closed
